<?xml version="1.0" encoding="UTF-8"?>
<!-- Generated by org.testng.reporters.JUnitReportReporter -->
<testsuite hostname="LAPTOP-MU6P7I45" failures="0" tests="1" name="advanceselenium.verificationassertion" time="14.465" errors="0" timestamp="2023-01-04T12:01:45 IST" skipped="0">
  <testcase classname="advanceselenium.verificationassertion" name="verfiy" time="14.465"/>
  <system-out>
    <![CDATA[testscript fail]]>
  </system-out>
</testsuite> <!-- advanceselenium.verificationassertion -->
