<?xml version="1.0" encoding="UTF-8"?>
<!-- Generated by org.testng.reporters.JUnitReportReporter -->
<testsuite hostname="LAPTOP-MU6P7I45" failures="0" tests="1" name="advanceselenium.softassert" time="14.823" errors="0" timestamp="2023-01-04T12:29:36 IST" skipped="0">
  <testcase classname="advanceselenium.softassert" name="verfiy" time="14.823"/>
  <system-out/>
</testsuite> <!-- advanceselenium.softassert -->
