<?xml version="1.0" encoding="UTF-8"?>
<!-- Generated by org.testng.reporters.JUnitReportReporter -->
<testsuite hostname="LAPTOP-MU6P7I45" failures="0" tests="7" name="advanceselenium.Testng" time="0.023" errors="0" timestamp="2022-12-30T11:16:37 IST" skipped="0">
  <testcase classname="advanceselenium.Testng" name="creatcustomer" time="0.001"/>
  <system-out>
    <![CDATA[customer created]]>
  </system-out>
  <testcase classname="advanceselenium.Testng" name="creatcustomer" time="0.001"/>
  <system-out>
    <![CDATA[customer created]]>
  </system-out>
  <testcase classname="advanceselenium.Testng" name="creatcustomer" time="0.015"/>
  <system-out>
    <![CDATA[customer created]]>
  </system-out>
  <testcase classname="advanceselenium.Testng" name="creatcustomer" time="0.001"/>
  <system-out>
    <![CDATA[customer created]]>
  </system-out>
  <testcase classname="advanceselenium.Testng" name="creatcustomer" time="0.002"/>
  <system-out>
    <![CDATA[customer created]]>
  </system-out>
  <testcase classname="advanceselenium.Testng" name="deletecustomer" time="0.001"/>
  <system-out>
    <![CDATA[customer deleted]]>
  </system-out>
  <testcase classname="advanceselenium.Testng" name="editcustomer" time="0.002"/>
  <system-out>
    <![CDATA[customer edited]]>
  </system-out>
</testsuite> <!-- advanceselenium.Testng -->
