<?xml version="1.0" encoding="UTF-8"?>
<!-- Generated by org.testng.reporters.JUnitReportReporter -->
<testsuite hostname="LAPTOP-MU6P7I45" failures="0" tests="2" name="advanceselenium.deletproject" time="0.002" errors="0" timestamp="2022-12-30T11:39:26 IST" skipped="0">
  <testcase classname="advanceselenium.deletproject" name="creatproject" time="0.001"/>
  <system-out>
    <![CDATA[customercreat sucessfully]]>
  </system-out>
  <testcase classname="advanceselenium.deletproject" name="modifiedproject" time="0.001"/>
  <system-out>
    <![CDATA[customer modified sucessfully]]>
  </system-out>
</testsuite> <!-- advanceselenium.deletproject -->
