<?xml version="1.0" encoding="UTF-8"?>
<!-- Generated by org.testng.reporters.JUnitReportReporter -->
<testsuite hostname="LAPTOP-MU6P7I45" failures="0" tests="1" name="advanceselenium.screenshot" time="19.950" errors="0" timestamp="2023-01-03T12:31:23 IST" skipped="0">
  <testcase classname="advanceselenium.screenshot" name="takescreenshot" time="19.950"/>
  <system-out/>
</testsuite> <!-- advanceselenium.screenshot -->
